<?xml version="1.0" encoding="UTF-8"?>
<!-- Generated by org.testng.reporters.JUnitReportReporter -->
<testsuite hostname="HYDHTC569315L" failures="0" tests="2" name="TestNG_Parallel.Compatability_parallel" time="21.115" errors="0" timestamp="2023-07-29T08:26:10 IST" skipped="0">
  <testcase classname="TestNG_Parallel.Compatability_parallel" name="compatability" time="11.311"/>
  <testcase classname="TestNG_Parallel.Compatability_parallel" name="compatability" time="9.804"/>
</testsuite> <!-- TestNG_Parallel.Compatability_parallel -->
