<?xml version="1.0" encoding="UTF-8"?>
<!-- Generated by org.testng.reporters.JUnitReportReporter -->
<testsuite hostname="HYDHTC569315L" failures="0" tests="1" name="Failed_Assert.Amazon" time="6.003" errors="0" timestamp="2023-07-31T07:58:10 IST" skipped="0">
  <testcase classname="Failed_Assert.Amazon" name="amazon" time="6.003"/>
</testsuite> <!-- Failed_Assert.Amazon -->
