<?xml version="1.0" encoding="UTF-8"?>
<!-- Generated by org.testng.reporters.JUnitReportReporter -->
<testsuite hostname="HYDHTC569315L" failures="0" tests="1" name="TestNG_Groups.Inocation2" time="0.001" errors="0" timestamp="2023-07-31T08:29:14 IST" skipped="0">
  <testcase classname="TestNG_Groups.Inocation2" name="test2" time="0.001"/>
</testsuite> <!-- TestNG_Groups.Inocation2 -->
