<?xml version="1.0" encoding="UTF-8"?>
<!-- Generated by org.testng.reporters.JUnitReportReporter -->
<testsuite hostname="HYDHTC569315L" failures="0" tests="3" name="TestNG_SequentialExecution.TestNG_Sequential" time="0.019" errors="0" timestamp="2023-07-29T07:26:08 IST" skipped="0">
  <testcase classname="TestNG_SequentialExecution.TestNG_Sequential" name="Demo2" time="0.002"/>
  <testcase classname="TestNG_SequentialExecution.TestNG_Sequential" name="Demo1" time="0.004"/>
  <testcase classname="TestNG_SequentialExecution.TestNG_Sequential" name="Demo" time="0.013"/>
</testsuite> <!-- TestNG_SequentialExecution.TestNG_Sequential -->
