<?xml version="1.0" encoding="UTF-8"?>
<!-- Generated by org.testng.reporters.JUnitReportReporter -->
<testsuite hostname="HYDHTC569315L" failures="0" tests="4" name="TestNG.Priority_Testing" time="0.023" errors="0" timestamp="2023-07-28T08:16:41 IST" skipped="1">
  <testcase classname="TestNG.Priority_Testing" name="Test1" time="0.016"/>
  <testcase classname="TestNG.Priority_Testing" name="Test2" time="0.003"/>
  <testcase classname="TestNG.Priority_Testing" name="Test2" time="0.004"/>
  <testcase classname="TestNG.Priority_Testing" name="Demo">
    <skipped/>
  </testcase> <!-- Demo -->
</testsuite> <!-- TestNG.Priority_Testing -->
