<?xml version="1.0" encoding="UTF-8"?>
<!-- Generated by org.testng.reporters.JUnitReportReporter -->
<testsuite hostname="HYDHTC569315L" failures="0" tests="1" name="TestNG_Parallel.Amazon" time="9.771" errors="0" timestamp="2023-07-29T08:29:04 IST" skipped="0">
  <testcase classname="TestNG_Parallel.Amazon" name="amazon" time="9.771"/>
</testsuite> <!-- TestNG_Parallel.Amazon -->
