<?xml version="1.0" encoding="UTF-8"?>
<!-- Generated by org.testng.reporters.JUnitReportReporter -->
<testsuite hostname="HYDHTC569315L" failures="0" tests="1" name="TestNG_Parallel.Facebook" time="8.318" errors="0" timestamp="2023-07-29T08:29:04 IST" skipped="0">
  <testcase classname="TestNG_Parallel.Facebook" name="fb" time="8.318"/>
</testsuite> <!-- TestNG_Parallel.Facebook -->
