<?xml version="1.0" encoding="UTF-8"?>
<!-- Generated by org.testng.reporters.JUnitReportReporter -->
<testsuite hostname="HYDHTC569315L" failures="0" tests="1" name="TestNG.Assertions" time="10.639" errors="0" timestamp="2023-07-31T08:53:08 IST" skipped="0">
  <testcase classname="TestNG.Assertions" name="Login" time="10.639"/>
</testsuite> <!-- TestNG.Assertions -->
