<?xml version="1.0" encoding="UTF-8"?>
<!-- Generated by org.testng.reporters.JUnitReportReporter -->
<testsuite hostname="HYDHTC569315L" failures="0" tests="1" name="Failed_Assert.Facebook" time="4.205" errors="0" timestamp="2023-07-31T07:59:26 IST" skipped="0">
  <testcase classname="Failed_Assert.Facebook" name="fb" time="4.205"/>
</testsuite> <!-- Failed_Assert.Facebook -->
